INFO:     Started server process [21724]
INFO:     Waiting for application startup.
INFO:     Application startup complete.
INFO:     Uvicorn running on http://127.0.0.1:8000 (Press CTRL+C to quit)
ERROR:    Exception in ASGI application
Traceback (most recent call last):
  File "C:\Users\megan\OneDrive\Documents\Malaysia Swimming Analytics\times_database\.venv\Lib\site-packages\uvicorn\protocols\http\h11_impl.py", line 408, in run_asgi
    result = await app(  # type: ignore[func-returns-value]
             ^^^^^^^^^^^^^^^^^^^^^^^^^^^^^^^^^^^^^^^^^^^^^^
  File "C:\Users\megan\OneDrive\Documents\Malaysia Swimming Analytics\times_database\.venv\Lib\site-packages\uvicorn\middleware\proxy_headers.py", line 84, in __call__
    return await self.app(scope, receive, send)
           ^^^^^^^^^^^^^^^^^^^^^^^^^^^^^^^^^^^^
  File "C:\Users\megan\OneDrive\Documents\Malaysia Swimming Analytics\times_database\.venv\Lib\site-packages\fastapi\applications.py", line 1106, in __call__
    await super().__call__(scope, receive, send)
  File "C:\Users\megan\OneDrive\Documents\Malaysia Swimming Analytics\times_database\.venv\Lib\site-packages\starlette\applications.py", line 122, in __call__
    await self.middleware_stack(scope, receive, send)
  File "C:\Users\megan\OneDrive\Documents\Malaysia Swimming Analytics\times_database\.venv\Lib\site-packages\starlette\middleware\errors.py", line 184, in __call__
    raise exc
  File "C:\Users\megan\OneDrive\Documents\Malaysia Swimming Analytics\times_database\.venv\Lib\site-packages\starlette\middleware\errors.py", line 162, in __call__
    await self.app(scope, receive, _send)
  File "C:\Users\megan\OneDrive\Documents\Malaysia Swimming Analytics\times_database\.venv\Lib\site-packages\starlette\middleware\cors.py", line 83, in __call__
    await self.app(scope, receive, send)
  File "C:\Users\megan\OneDrive\Documents\Malaysia Swimming Analytics\times_database\.venv\Lib\site-packages\starlette\middleware\exceptions.py", line 79, in __call__
    raise exc
  File "C:\Users\megan\OneDrive\Documents\Malaysia Swimming Analytics\times_database\.venv\Lib\site-packages\starlette\middleware\exceptions.py", line 68, in __call__
    await self.app(scope, receive, sender)
  File "C:\Users\megan\OneDrive\Documents\Malaysia Swimming Analytics\times_database\.venv\Lib\site-packages\fastapi\middleware\asyncexitstack.py", line 20, in __call__
    raise e
  File "C:\Users\megan\OneDrive\Documents\Malaysia Swimming Analytics\times_database\.venv\Lib\site-packages\fastapi\middleware\asyncexitstack.py", line 17, in __call__
    await self.app(scope, receive, send)
  File "C:\Users\megan\OneDrive\Documents\Malaysia Swimming Analytics\times_database\.venv\Lib\site-packages\starlette\routing.py", line 718, in __call__
    await route.handle(scope, receive, send)
  File "C:\Users\megan\OneDrive\Documents\Malaysia Swimming Analytics\times_database\.venv\Lib\site-packages\starlette\routing.py", line 276, in handle
    await self.app(scope, receive, send)
  File "C:\Users\megan\OneDrive\Documents\Malaysia Swimming Analytics\times_database\.venv\Lib\site-packages\starlette\routing.py", line 66, in app
    response = await func(request)
               ^^^^^^^^^^^^^^^^^^^
  File "C:\Users\megan\OneDrive\Documents\Malaysia Swimming Analytics\times_database\.venv\Lib\site-packages\fastapi\routing.py", line 274, in app
    raw_response = await run_endpoint_function(
                   ^^^^^^^^^^^^^^^^^^^^^^^^^^^^
  File "C:\Users\megan\OneDrive\Documents\Malaysia Swimming Analytics\times_database\.venv\Lib\site-packages\fastapi\routing.py", line 191, in run_endpoint_function
    return await dependant.call(**values)
           ^^^^^^^^^^^^^^^^^^^^^^^^^^^^^^
  File "C:\Users\megan\OneDrive\Documents\Malaysia Swimming Analytics\times_database\src\web\routers\admin.py", line 72, in list_meets
    conn = get_database_connection()
           ^^^^^^^^^^^^^^^^^^^^^^^^^
  File "C:\Users\megan\OneDrive\Documents\Malaysia Swimming Analytics\times_database\src\web\routers\admin.py", line 58, in get_database_connection
    return sqlite3.connect(str(db_path))
           ^^^^^^^^^^^^^^^^^^^^^^^^^^^^^
sqlite3.OperationalError: unable to open database file
